<?xml version="1.0" encoding="UTF-8"?>
<testsuite xmlns:xsi="http://www.w3.org/2001/XMLSchema-instance" xsi:noNamespaceSchemaLocation="https://maven.apache.org/surefire/maven-surefire-plugin/xsd/surefire-test-report.xsd" name="ua.pt.tqshw1.apirest.ApiRestTest" time="4.041" tests="2" errors="0" skipped="0" failures="0">
  <properties>
[...]
</properties>
  <testcase name="testWeather" classname="ua.pt.tqshw1.apirest.ApiRestTest" time="0.21"/>
  <testcase name="testTypeWeather" classname="ua.pt.tqshw1.apirest.ApiRestTest" time="0.015"/>
</testsuite>